{
  "RSpec": {
    "coverage": {
      "/Users/rita/Documents/Epicodus/capstone/contra-rails/spec/models/dance_move_spec.rb": [
        1,
        null,
        1,
        2,
        2,
        null
      ],
      "/Users/rita/Documents/Epicodus/capstone/contra-rails/spec/rails_helper.rb": [
        null,
        1,
        1,
        1,
        null,
        1,
        1,
        null,
        null,
        null,
        null,
        null,
        null,
        null,
        null,
        null,
        null,
        null,
        null,
        null,
        null,
        null,
        null,
        null,
        null,
        null,
        1,
        1,
        null,
        0,
        0,
        null,
        1,
        null,
        1,
        null,
        null,
        null,
        null,
        1,
        null,
        null,
        null,
        null,
        null,
        null,
        null,
        null,
        null,
        null,
        null,
        null,
        null,
        null,
        1,
        null,
        null,
        1,
        null,
        null,
        null,
        null,
        1,
        1,
        1,
        1,
        null,
        null
      ],
      "/Users/rita/Documents/Epicodus/capstone/contra-rails/config/environment.rb": [
        null,
        1,
        null,
        null,
        1
      ],
      "/Users/rita/Documents/Epicodus/capstone/contra-rails/config/application.rb": [
        1,
        null,
        1,
        null,
        1,
        1,
        1,
        1,
        1,
        1,
        1,
        1,
        null,
        null,
        null,
        null,
        null,
        1,
        null,
        1,
        1,
        null,
        1,
        null,
        null,
        null,
        null,
        null,
        null,
        null,
        null,
        null,
        1,
        null,
        null
      ],
      "/Users/rita/Documents/Epicodus/capstone/contra-rails/config/boot.rb": [
        1,
        null,
        1,
        1
      ],
      "/Users/rita/Documents/Epicodus/capstone/contra-rails/config/environments/test.rb": [
        1,
        null,
        null,
        null,
        null,
        null,
        null,
        1,
        null,
        null,
        null,
        null,
        1,
        null,
        null,
        1,
        1,
        null,
        null,
        null,
        null,
        1,
        1,
        null,
        null,
        1,
        null,
        null,
        1,
        null,
        null,
        1,
        null,
        1,
        null,
        null,
        null,
        null,
        1,
        null,
        null,
        1,
        null,
        null,
        null,
        null
      ],
      "/Users/rita/Documents/Epicodus/capstone/contra-rails/config/initializers/application_controller_renderer.rb": [
        null,
        null,
        null,
        null,
        null,
        null,
        null,
        null
      ],
      "/Users/rita/Documents/Epicodus/capstone/contra-rails/config/initializers/backtrace_silencers.rb": [
        null,
        null,
        null,
        null,
        null,
        null,
        null
      ],
      "/Users/rita/Documents/Epicodus/capstone/contra-rails/config/initializers/cors.rb": [
        null,
        null,
        null,
        null,
        null,
        null,
        null,
        null,
        null,
        null,
        null,
        null,
        null,
        null,
        null,
        null
      ],
      "/Users/rita/Documents/Epicodus/capstone/contra-rails/config/initializers/filter_parameter_logging.rb": [
        null,
        null,
        null,
        1
      ],
      "/Users/rita/Documents/Epicodus/capstone/contra-rails/config/initializers/inflections.rb": [
        null,
        null,
        null,
        null,
        null,
        null,
        null,
        null,
        null,
        null,
        null,
        null,
        null,
        null,
        null,
        null
      ],
      "/Users/rita/Documents/Epicodus/capstone/contra-rails/config/initializers/mime_types.rb": [
        null,
        null,
        null,
        null
      ],
      "/Users/rita/Documents/Epicodus/capstone/contra-rails/config/initializers/wrap_parameters.rb": [
        null,
        null,
        null,
        null,
        null,
        null,
        1,
        1,
        null,
        null,
        null,
        null,
        null,
        null
      ],
      "/Users/rita/Documents/Epicodus/capstone/contra-rails/config/routes.rb": [
        1,
        null,
        null
      ],
      "/Users/rita/Documents/Epicodus/capstone/contra-rails/app/models/dance_move.rb": [
        1,
        1,
        1,
        null
      ],
      "/Users/rita/Documents/Epicodus/capstone/contra-rails/app/models/application_record.rb": [
        1,
        1,
        null
      ],
      "/Users/rita/Documents/Epicodus/capstone/contra-rails/spec/models/dance_spec.rb": [
        1,
        null,
        1,
        2,
        null
      ],
      "/Users/rita/Documents/Epicodus/capstone/contra-rails/app/models/dance.rb": [
        1,
        1,
        1,
        null
      ],
      "/Users/rita/Documents/Epicodus/capstone/contra-rails/spec/models/move_spec.rb": [
        1,
        null,
        1,
        2,
        null
      ],
      "/Users/rita/Documents/Epicodus/capstone/contra-rails/app/models/move.rb": [
        1,
        1,
        1,
        null
      ]
    },
    "timestamp": 1538157078
  }
}
